[2023-02-16T17:50:31.847-0600] {taskinstance.py:1165} INFO - Dependencies all met for <TaskInstance: 4.3_group_dag.downloads manual__2023-02-16T23:36:56.577207+00:00 [queued]>
[2023-02-16T17:50:31.855-0600] {taskinstance.py:1165} INFO - Dependencies all met for <TaskInstance: 4.3_group_dag.downloads manual__2023-02-16T23:36:56.577207+00:00 [queued]>
[2023-02-16T17:50:31.855-0600] {taskinstance.py:1362} INFO - 
--------------------------------------------------------------------------------
[2023-02-16T17:50:31.856-0600] {taskinstance.py:1363} INFO - Starting attempt 3 of 3
[2023-02-16T17:50:31.857-0600] {taskinstance.py:1364} INFO - 
--------------------------------------------------------------------------------
[2023-02-16T17:50:31.863-0600] {taskinstance.py:1383} INFO - Executing <Task(SubDagOperator): downloads> on 2023-02-16 23:36:56.577207+00:00
[2023-02-16T17:50:31.866-0600] {standard_task_runner.py:54} INFO - Started process 207659 to run task
[2023-02-16T17:50:31.868-0600] {standard_task_runner.py:82} INFO - Running: ['***', 'tasks', 'run', '4.3_group_dag', 'downloads', 'manual__2023-02-16T23:36:56.577207+00:00', '--job-id', '320', '--raw', '--subdir', 'DAGS_FOLDER/Introduction_to_Apache_Airflow/4.3_group_dag.py', '--cfg-path', '/tmp/tmpxpr09hur']
[2023-02-16T17:50:31.869-0600] {standard_task_runner.py:83} INFO - Job 320: Subtask downloads
[2023-02-16T17:50:31.870-0600] {dagbag.py:525} INFO - Filling up the DagBag from /c/Airflow/dags/Introduction_to_Apache_Airflow/4.3_group_dag.py
[2023-02-16T17:50:31.889-0600] {dagbag.py:330} ERROR - Failed to import: /c/Airflow/dags/Introduction_to_Apache_Airflow/4.3_group_dag.py
Traceback (most recent call last):
  File "/home/tinmar/.local/lib/python3.10/site-packages/airflow/models/dagbag.py", line 326, in parse
    loader.exec_module(new_module)
  File "<frozen importlib._bootstrap_external>", line 883, in exec_module
  File "<frozen importlib._bootstrap>", line 241, in _call_with_frames_removed
  File "/c/Airflow/dags/Introduction_to_Apache_Airflow/4.3_group_dag.py", line 4, in <module>
    from subdags.subdag_downloads import subdag_downloads
ModuleNotFoundError: No module named 'subdags'
[2023-02-16T17:50:31.894-0600] {standard_task_runner.py:102} ERROR - Failed to execute job 320 for task downloads (Dag '4.3_group_dag' could not be found; either it does not exist or it failed to parse.; 207659)
[2023-02-16T17:50:31.914-0600] {base_aws.py:130} INFO - No connection ID provided. Fallback on boto3 credential strategy (region_name=None). See: https://boto3.amazonaws.com/v1/documentation/api/latest/guide/configuration.html
[2023-02-16T17:50:34.112-0600] {s3_task_handler.py:171} ERROR - Could not verify previous log to append
Traceback (most recent call last):
  File "/home/tinmar/.local/lib/python3.10/site-packages/airflow/providers/amazon/aws/log/s3_task_handler.py", line 167, in s3_write
    if append and self.s3_log_exists(remote_log_location):
  File "/home/tinmar/.local/lib/python3.10/site-packages/airflow/providers/amazon/aws/log/s3_task_handler.py", line 133, in s3_log_exists
    return self.hook.check_for_key(remote_log_location)
  File "/home/tinmar/.local/lib/python3.10/site-packages/airflow/providers/amazon/aws/hooks/s3.py", line 99, in wrapper
    return func(*bound_args.args, **bound_args.kwargs)
  File "/home/tinmar/.local/lib/python3.10/site-packages/airflow/providers/amazon/aws/hooks/s3.py", line 70, in wrapper
    return func(*bound_args.args, **bound_args.kwargs)
  File "/home/tinmar/.local/lib/python3.10/site-packages/airflow/providers/amazon/aws/hooks/s3.py", line 481, in check_for_key
    obj = self.head_object(key, bucket_name)
  File "/home/tinmar/.local/lib/python3.10/site-packages/airflow/providers/amazon/aws/hooks/s3.py", line 99, in wrapper
    return func(*bound_args.args, **bound_args.kwargs)
  File "/home/tinmar/.local/lib/python3.10/site-packages/airflow/providers/amazon/aws/hooks/s3.py", line 70, in wrapper
    return func(*bound_args.args, **bound_args.kwargs)
  File "/home/tinmar/.local/lib/python3.10/site-packages/airflow/providers/amazon/aws/hooks/s3.py", line 464, in head_object
    return self.get_conn().head_object(Bucket=bucket_name, Key=key)
  File "/home/tinmar/.local/lib/python3.10/site-packages/botocore/client.py", line 530, in _api_call
    return self._make_api_call(operation_name, kwargs)
  File "/home/tinmar/.local/lib/python3.10/site-packages/botocore/client.py", line 943, in _make_api_call
    http, parsed_response = self._make_request(
  File "/home/tinmar/.local/lib/python3.10/site-packages/botocore/client.py", line 966, in _make_request
    return self._endpoint.make_request(operation_model, request_dict)
  File "/home/tinmar/.local/lib/python3.10/site-packages/botocore/endpoint.py", line 119, in make_request
    return self._send_request(request_dict, operation_model)
  File "/home/tinmar/.local/lib/python3.10/site-packages/botocore/endpoint.py", line 198, in _send_request
    request = self.create_request(request_dict, operation_model)
  File "/home/tinmar/.local/lib/python3.10/site-packages/botocore/endpoint.py", line 134, in create_request
    self._event_emitter.emit(
  File "/home/tinmar/.local/lib/python3.10/site-packages/botocore/hooks.py", line 412, in emit
    return self._emitter.emit(aliased_event_name, **kwargs)
  File "/home/tinmar/.local/lib/python3.10/site-packages/botocore/hooks.py", line 256, in emit
    return self._emit(event_name, kwargs)
  File "/home/tinmar/.local/lib/python3.10/site-packages/botocore/hooks.py", line 239, in _emit
    response = handler(**kwargs)
  File "/home/tinmar/.local/lib/python3.10/site-packages/botocore/signers.py", line 105, in handler
    return self.sign(operation_name, request)
  File "/home/tinmar/.local/lib/python3.10/site-packages/botocore/signers.py", line 189, in sign
    auth.add_auth(request)
  File "/home/tinmar/.local/lib/python3.10/site-packages/botocore/auth.py", line 418, in add_auth
    raise NoCredentialsError()
botocore.exceptions.NoCredentialsError: Unable to locate credentials
[2023-02-16T17:50:34.115-0600] {s3_task_handler.py:187} WARNING - Failed attempt to write logs to s3://***-bucket/***/logs/dag_id=4.3_group_dag/run_id=manual__2023-02-16T23:36:56.577207+00:00/task_id=downloads/attempt=3.log, will retry
[2023-02-16T17:50:34.116-0600] {s3_task_handler.py:189} ERROR - Could not write logs to s3://***-bucket/***/logs/dag_id=4.3_group_dag/run_id=manual__2023-02-16T23:36:56.577207+00:00/task_id=downloads/attempt=3.log
Traceback (most recent call last):
  File "/home/tinmar/.local/lib/python3.10/site-packages/airflow/providers/amazon/aws/log/s3_task_handler.py", line 178, in s3_write
    self.hook.load_string(
  File "/home/tinmar/.local/lib/python3.10/site-packages/airflow/providers/amazon/aws/hooks/s3.py", line 99, in wrapper
    return func(*bound_args.args, **bound_args.kwargs)
  File "/home/tinmar/.local/lib/python3.10/site-packages/airflow/providers/amazon/aws/hooks/s3.py", line 70, in wrapper
    return func(*bound_args.args, **bound_args.kwargs)
  File "/home/tinmar/.local/lib/python3.10/site-packages/airflow/providers/amazon/aws/hooks/s3.py", line 695, in load_string
    self._upload_file_obj(file_obj, key, bucket_name, replace, encrypt, acl_policy)
  File "/home/tinmar/.local/lib/python3.10/site-packages/airflow/providers/amazon/aws/hooks/s3.py", line 774, in _upload_file_obj
    client.upload_fileobj(
  File "/home/tinmar/.local/lib/python3.10/site-packages/boto3/s3/inject.py", line 636, in upload_fileobj
    return future.result()
  File "/home/tinmar/.local/lib/python3.10/site-packages/s3transfer/futures.py", line 103, in result
    return self._coordinator.result()
  File "/home/tinmar/.local/lib/python3.10/site-packages/s3transfer/futures.py", line 266, in result
    raise self._exception
  File "/home/tinmar/.local/lib/python3.10/site-packages/s3transfer/tasks.py", line 139, in __call__
    return self._execute_main(kwargs)
  File "/home/tinmar/.local/lib/python3.10/site-packages/s3transfer/tasks.py", line 162, in _execute_main
    return_value = self._main(**kwargs)
  File "/home/tinmar/.local/lib/python3.10/site-packages/s3transfer/upload.py", line 758, in _main
    client.put_object(Bucket=bucket, Key=key, Body=body, **extra_args)
  File "/home/tinmar/.local/lib/python3.10/site-packages/botocore/client.py", line 530, in _api_call
    return self._make_api_call(operation_name, kwargs)
  File "/home/tinmar/.local/lib/python3.10/site-packages/botocore/client.py", line 943, in _make_api_call
    http, parsed_response = self._make_request(
  File "/home/tinmar/.local/lib/python3.10/site-packages/botocore/client.py", line 966, in _make_request
    return self._endpoint.make_request(operation_model, request_dict)
  File "/home/tinmar/.local/lib/python3.10/site-packages/botocore/endpoint.py", line 119, in make_request
    return self._send_request(request_dict, operation_model)
  File "/home/tinmar/.local/lib/python3.10/site-packages/botocore/endpoint.py", line 198, in _send_request
    request = self.create_request(request_dict, operation_model)
  File "/home/tinmar/.local/lib/python3.10/site-packages/botocore/endpoint.py", line 134, in create_request
    self._event_emitter.emit(
  File "/home/tinmar/.local/lib/python3.10/site-packages/botocore/hooks.py", line 412, in emit
    return self._emitter.emit(aliased_event_name, **kwargs)
  File "/home/tinmar/.local/lib/python3.10/site-packages/botocore/hooks.py", line 256, in emit
    return self._emit(event_name, kwargs)
  File "/home/tinmar/.local/lib/python3.10/site-packages/botocore/hooks.py", line 239, in _emit
    response = handler(**kwargs)
  File "/home/tinmar/.local/lib/python3.10/site-packages/botocore/signers.py", line 105, in handler
    return self.sign(operation_name, request)
  File "/home/tinmar/.local/lib/python3.10/site-packages/botocore/signers.py", line 189, in sign
    auth.add_auth(request)
  File "/home/tinmar/.local/lib/python3.10/site-packages/botocore/auth.py", line 418, in add_auth
    raise NoCredentialsError()
botocore.exceptions.NoCredentialsError: Unable to locate credentials
[2023-02-16T17:50:34.131-0600] {local_task_job.py:164} INFO - Task exited with return code 1
[2023-02-16T17:50:34.151-0600] {local_task_job.py:273} INFO - 0 downstream tasks scheduled from follow-on schedule check
