[2023-02-13 12:18:04,974] {taskinstance.py:1159} INFO - Dependencies all met for <TaskInstance: jinja_macros_quinto_dag.jinja_2 manual__2023-02-13T18:18:03.246075+00:00 [queued]>
[2023-02-13 12:18:04,986] {taskinstance.py:1159} INFO - Dependencies all met for <TaskInstance: jinja_macros_quinto_dag.jinja_2 manual__2023-02-13T18:18:03.246075+00:00 [queued]>
[2023-02-13 12:18:04,987] {taskinstance.py:1356} INFO - 
--------------------------------------------------------------------------------
[2023-02-13 12:18:04,988] {taskinstance.py:1357} INFO - Starting attempt 1 of 1
[2023-02-13 12:18:04,989] {taskinstance.py:1358} INFO - 
--------------------------------------------------------------------------------
[2023-02-13 12:18:05,001] {taskinstance.py:1377} INFO - Executing <Task(BashOperator): jinja_2> on 2023-02-13 18:18:03.246075+00:00
[2023-02-13 12:18:05,005] {standard_task_runner.py:52} INFO - Started process 111488 to run task
[2023-02-13 12:18:05,008] {standard_task_runner.py:79} INFO - Running: ['***', 'tasks', 'run', 'jinja_macros_quinto_dag', 'jinja_2', 'manual__2023-02-13T18:18:03.246075+00:00', '--job-id', '117', '--raw', '--subdir', 'DAGS_FOLDER/Apache_Airflow/jinja_macros_quinto_dag.py', '--cfg-path', '/tmp/tmpr5it0b5z', '--error-file', '/tmp/tmpi6pa6lvu']
[2023-02-13 12:18:05,014] {standard_task_runner.py:80} INFO - Job 117: Subtask jinja_2
[2023-02-13 12:18:05,088] {task_command.py:369} INFO - Running <TaskInstance: jinja_macros_quinto_dag.jinja_2 manual__2023-02-13T18:18:03.246075+00:00 [running]> on host Tinmar.
[2023-02-13 12:18:05,125] {taskinstance.py:1889} ERROR - Task failed with exception
Traceback (most recent call last):
  File "/home/tinmar/.local/lib/python3.10/site-packages/airflow/models/taskinstance.py", line 1451, in _run_raw_task
    self._execute_task_with_callbacks(context, test_mode)
  File "/home/tinmar/.local/lib/python3.10/site-packages/airflow/models/taskinstance.py", line 1555, in _execute_task_with_callbacks
    task_orig = self.render_templates(context=context)
  File "/home/tinmar/.local/lib/python3.10/site-packages/airflow/models/taskinstance.py", line 2202, in render_templates
    rendered_task = self.task.render_template_fields(context)
  File "/home/tinmar/.local/lib/python3.10/site-packages/airflow/models/baseoperator.py", line 1179, in render_template_fields
    self._do_render_template_fields(self, self.template_fields, context, jinja_env, set())
  File "/home/tinmar/.local/lib/python3.10/site-packages/airflow/utils/session.py", line 71, in wrapper
    return func(*args, session=session, **kwargs)
  File "/home/tinmar/.local/lib/python3.10/site-packages/airflow/models/abstractoperator.py", line 344, in _do_render_template_fields
    rendered_content = self.render_template(
  File "/home/tinmar/.local/lib/python3.10/site-packages/airflow/models/abstractoperator.py", line 391, in render_template
    return render_template_to_string(template, context)
  File "/home/tinmar/.local/lib/python3.10/site-packages/airflow/utils/helpers.py", line 296, in render_template_to_string
    return render_template(template, context, native=False)
  File "/home/tinmar/.local/lib/python3.10/site-packages/airflow/utils/helpers.py", line 291, in render_template
    return "".join(nodes)
  File "<template>", line 14, in root
  File "/home/tinmar/.local/lib/python3.10/site-packages/jinja2/sandbox.py", line 462, in call
    return __context.call(__obj, *args, **kwargs)
  File "/home/tinmar/.local/lib/python3.10/site-packages/jinja2/runtime.py", line 290, in call
    return __obj(*args, **kwargs)
  File "/home/tinmar/.local/lib/python3.10/site-packages/airflow/utils/session.py", line 71, in wrapper
    return func(*args, session=session, **kwargs)
  File "/home/tinmar/.local/lib/python3.10/site-packages/airflow/models/taskinstance.py", line 2428, in xcom_pull
    query = XCom.get_many(
  File "/home/tinmar/.local/lib/python3.10/site-packages/airflow/utils/session.py", line 68, in wrapper
    return func(*args, **kwargs)
  File "/home/tinmar/.local/lib/python3.10/site-packages/airflow/models/xcom.py", line 448, in get_many
    query = query.filter(cls.task_id.in_(task_ids))
  File "/home/tinmar/.local/lib/python3.10/site-packages/sqlalchemy/sql/operators.py", line 604, in in_
    return self.operate(in_op, other)
  File "/home/tinmar/.local/lib/python3.10/site-packages/sqlalchemy/orm/attributes.py", line 301, in operate
    return op(self.comparator, *other, **kwargs)
  File "/home/tinmar/.local/lib/python3.10/site-packages/sqlalchemy/sql/operators.py", line 1395, in in_op
    return a.in_(b)
  File "/home/tinmar/.local/lib/python3.10/site-packages/sqlalchemy/sql/operators.py", line 604, in in_
    return self.operate(in_op, other)
  File "/home/tinmar/.local/lib/python3.10/site-packages/sqlalchemy/orm/properties.py", line 424, in operate
    return op(self.__clause_element__(), *other, **kwargs)
  File "/home/tinmar/.local/lib/python3.10/site-packages/sqlalchemy/sql/operators.py", line 1395, in in_op
    return a.in_(b)
  File "/home/tinmar/.local/lib/python3.10/site-packages/sqlalchemy/sql/operators.py", line 604, in in_
    return self.operate(in_op, other)
  File "/home/tinmar/.local/lib/python3.10/site-packages/sqlalchemy/sql/elements.py", line 831, in operate
    return op(self.comparator, *other, **kwargs)
  File "/home/tinmar/.local/lib/python3.10/site-packages/sqlalchemy/sql/operators.py", line 1395, in in_op
    return a.in_(b)
  File "/home/tinmar/.local/lib/python3.10/site-packages/sqlalchemy/sql/operators.py", line 604, in in_
    return self.operate(in_op, other)
  File "/home/tinmar/.local/lib/python3.10/site-packages/sqlalchemy/sql/type_api.py", line 75, in operate
    return o[0](self.expr, op, *(other + o[1:]), **kwargs)
  File "/home/tinmar/.local/lib/python3.10/site-packages/sqlalchemy/sql/default_comparator.py", line 155, in _in_impl
    seq_or_selectable = coercions.expect(
  File "/home/tinmar/.local/lib/python3.10/site-packages/sqlalchemy/sql/coercions.py", line 175, in expect
    resolved = impl._literal_coercion(
  File "/home/tinmar/.local/lib/python3.10/site-packages/sqlalchemy/sql/coercions.py", line 529, in _literal_coercion
    element = list(element)
  File "/home/tinmar/.local/lib/python3.10/site-packages/jinja2/runtime.py", line 747, in _fail_with_undefined_error
    raise self._undefined_exception(self._undefined_message)
jinja2.exceptions.UndefinedError: 'prueba_push' is undefined
[2023-02-13 12:18:05,146] {taskinstance.py:1395} INFO - Marking task as FAILED. dag_id=jinja_macros_quinto_dag, task_id=jinja_2, execution_date=20230213T181803, start_date=20230213T181804, end_date=20230213T181805
[2023-02-13 12:18:05,157] {standard_task_runner.py:92} ERROR - Failed to execute job 117 for task jinja_2 ('prueba_push' is undefined; 111488)
[2023-02-13 12:18:05,187] {local_task_job.py:156} INFO - Task exited with return code 1
[2023-02-13 12:18:05,219] {local_task_job.py:273} INFO - 0 downstream tasks scheduled from follow-on schedule check
